0 info it worked if it ends with ok
1 verbose cli [ '/usr/local/bin/node', '/usr/local/bin/npm', 'run', 'env' ]
2 info using npm@3.8.1
3 info using node@v4.2.1
4 verbose run-script [ 'preenv', 'env', 'postenv' ]
5 info lifecycle companyTemp@1.0.0~preenv: companyTemp@1.0.0
6 silly lifecycle companyTemp@1.0.0~preenv: no script for preenv, continuing
7 info lifecycle companyTemp@1.0.0~env: companyTemp@1.0.0
8 verbose lifecycle companyTemp@1.0.0~env: unsafe-perm in lifecycle true
9 verbose lifecycle companyTemp@1.0.0~env: PATH: /usr/local/lib/node_modules/npm/bin/node-gyp-bin:/Users/simontao/companyTemp/node_modules/.bin:/usr/local/bin:User/simontao/.rvm/scripts/rvm:/opt/local/bin:/opt/local/sbin:/usr/local/bin:/usr/bin:/bin:/usr/sbin:/sbin:/opt/X11/bin:/opt/Ghostscript/bin:/opt/ImageMagick/bin
10 verbose lifecycle companyTemp@1.0.0~env: CWD: /Users/simontao/companyTemp
11 silly lifecycle companyTemp@1.0.0~env: Args: [ '-c', 'process.env.NODE_ENV' ]
12 info lifecycle companyTemp@1.0.0~env: Failed to exec env script
13 verbose stack Error: companyTemp@1.0.0 env: `process.env.NODE_ENV`
13 verbose stack spawn ENOENT
13 verbose stack     at ChildProcess.<anonymous> (/usr/local/lib/node_modules/npm/lib/utils/spawn.js:17:16)
13 verbose stack     at emitTwo (events.js:87:13)
13 verbose stack     at ChildProcess.emit (events.js:172:7)
13 verbose stack     at maybeClose (internal/child_process.js:818:16)
13 verbose stack     at Process.ChildProcess._handle.onexit (internal/child_process.js:211:5)
14 verbose pkgid companyTemp@1.0.0
15 verbose cwd /Users/simontao/companyTemp
16 error Darwin 15.5.0
17 error argv "/usr/local/bin/node" "/usr/local/bin/npm" "run" "env"
18 error node v4.2.1
19 error npm  v3.8.1
20 error file sh
21 error code ELIFECYCLE
22 error errno ENOENT
23 error syscall spawn
24 error companyTemp@1.0.0 env: `process.env.NODE_ENV`
24 error spawn ENOENT
25 error Failed at the companyTemp@1.0.0 env script 'process.env.NODE_ENV'.
25 error Make sure you have the latest version of node.js and npm installed.
25 error If you do, this is most likely a problem with the companyTemp package,
25 error not with npm itself.
25 error Tell the author that this fails on your system:
25 error     process.env.NODE_ENV
25 error You can get information on how to open an issue for this project with:
25 error     npm bugs companyTemp
25 error Or if that isn't available, you can get their info via:
25 error     npm owner ls companyTemp
25 error There is likely additional logging output above.
26 verbose exit [ 1, true ]
